Arguments: 
  C:\Program Files\nodejs\node.exe C:\Users\chakra9\AppData\Roaming\npm\node_modules\yarn\bin\yarn.js add @type/node --dev

PATH: 
  C:\Program Files\Python39\Scripts\;C:\Program Files\Python39\;C:\Program Files (x86)\Common Files\Oracle\Java\javapath;C:\Program Files (x86)\RSA SecurID Token Common;C:\WINDOWS\system32;C:\WINDOWS;C:\WINDOWS\System32\Wbem;C:\WINDOWS\System32\WindowsPowerShell\v1.0\;C:\WINDOWS\System32\OpenSSH\;C:\Users\chakra9\AppData\Roaming\nvm;C:\Program Files\nodejs;C:\Program Files\Dell\Dell Data Protection\Encryption\;C:\Program Files\Intel\WiFi\bin\;C:\Program Files\Common Files\Intel\WirelessCommon\;C:\Gradle\gradle-6.7.1\bin;;C:\Program Files\Cloud Foundry;C:\Program Files\1E\Client\Extensibility\NomadBranch;C:\Users\chakra9\AppData\Local\Microsoft\WindowsApps;C:\Users\chakra9\AppData\Local\Programs\Microsoft VS Code\bin;C:\Users\chakra9\AppData\Local\Programs\Git\cmd;C:\Users\chakra9\AppData\Roaming\npm;C:\Users\chakra9\AppData\Roaming\nvm;C:\Program Files\nodejs;C:\Program Files\JetBrains\IntelliJ IDEA Community Edition 2019.2.3\bin;;C:\Program Files\JetBrains\IntelliJ IDEA 2020.3.1\bin;

Yarn version: 
  1.22.5

Node version: 
  12.16.3

Platform: 
  win32 x64

Trace: 
  Error: https://registry.yarnpkg.com/@type%2fnode: Not found
      at Request.params.callback [as _callback] (C:\Users\chakra9\AppData\Roaming\npm\node_modules\yarn\lib\cli.js:66988:18)
      at Request.self.callback (C:\Users\chakra9\AppData\Roaming\npm\node_modules\yarn\lib\cli.js:140662:22)
      at Request.emit (events.js:310:20)
      at Request.<anonymous> (C:\Users\chakra9\AppData\Roaming\npm\node_modules\yarn\lib\cli.js:141634:10)
      at Request.emit (events.js:310:20)
      at IncomingMessage.<anonymous> (C:\Users\chakra9\AppData\Roaming\npm\node_modules\yarn\lib\cli.js:141556:12)
      at Object.onceWrapper (events.js:416:28)
      at IncomingMessage.emit (events.js:322:22)
      at endReadableNT (_stream_readable.js:1187:12)
      at processTicksAndRejections (internal/process/task_queues.js:84:21)

npm manifest: 
  {
    "name": "test-folder",
    "version": "1.0.0",
    "description": "",
    "main": "index.js",
    "scripts": {
      "test": "echo \"Error: no test specified\" && exit 1"
    },
    "keywords": [],
    "author": "",
    "license": "ISC",
    "dependencies": {
  
    }
  }

yarn manifest: 
  No manifest

Lockfile: 
  # THIS IS AN AUTOGENERATED FILE. DO NOT EDIT THIS FILE DIRECTLY.
  # yarn lockfile v1
